# JRE version: Java(TM) SE Runtime Environment (12.0.1+12) (build 12.0.1+12)
# Java VM: Java HotSpot(TM) 64-Bit Server VM (12.0.1+12, mixed mode, sharing, tiered, compressed oops, g1 gc, windows-amd64)
Heap:
 garbage-first heap   total 75776K, used 45651K [0x00000000a0000000, 0x0000000100000000)
  region size 1024K, 14 young (14336K), 2 survivors (2048K)
 Metaspace       used 38586K, capacity 39734K, committed 40064K, reserved 1085440K
  class space    used 5242K, capacity 5683K, committed 5760K, reserved 1048576K
GC Heap History (10 events):
Event: 9.795 GC heap before
{Heap before GC invocations=6 (full 0):
 garbage-first heap   total 75776K, used 56289K [0x00000000a0000000, 0x0000000100000000)
  region size 1024K, 29 young (29696K), 4 survivors (4096K)
 Metaspace       used 32113K, capacity 32920K, committed 33152K, reserved 1077248K
  class space    used 4359K, capacity 4661K, committed 4736K, reserved 1048576K
}
Event: 9.799 GC heap after
{Heap after GC invocations=7 (full 0):
 garbage-first heap   total 75776K, used 28360K [0x00000000a0000000, 0x0000000100000000)
  region size 1024K, 3 young (3072K), 3 survivors (3072K)
 Metaspace       used 32113K, capacity 32920K, committed 33152K, reserved 1077248K
  class space    used 4359K, capacity 4661K, committed 4736K, reserved 1048576K
}
Event: 10.469 GC heap before
{Heap before GC invocations=7 (full 0):
 garbage-first heap   total 75776K, used 52936K [0x00000000a0000000, 0x0000000100000000)
  region size 1024K, 28 young (28672K), 3 survivors (3072K)
 Metaspace       used 33811K, capacity 34727K, committed 34944K, reserved 1079296K
  class space    used 4616K, capacity 4929K, committed 4992K, reserved 1048576K
}
Event: 10.472 GC heap after
{Heap after GC invocations=8 (full 0):
 garbage-first heap   total 75776K, used 31212K [0x00000000a0000000, 0x0000000100000000)
  region size 1024K, 4 young (4096K), 4 survivors (4096K)
 Metaspace       used 33811K, capacity 34727K, committed 34944K, reserved 1079296K
  class space    used 4616K, capacity 4929K, committed 4992K, reserved 1048576K
}
Event: 10.758 GC heap before
{Heap before GC invocations=8 (full 0):
 garbage-first heap   total 75776K, used 43500K [0x00000000a0000000, 0x0000000100000000)
  region size 1024K, 17 young (17408K), 4 survivors (4096K)
 Metaspace       used 34715K, capacity 35733K, committed 35840K, reserved 1079296K
  class space    used 4745K, capacity 5112K, committed 5120K, reserved 1048576K
}
Event: 10.763 GC heap after
{Heap after GC invocations=9 (full 0):
 garbage-first heap   total 75776K, used 32688K [0x00000000a0000000, 0x0000000100000000)
  region size 1024K, 2 young (2048K), 2 survivors (2048K)
 Metaspace       used 34715K, capacity 35733K, committed 35840K, reserved 1079296K
  class space    used 4745K, capacity 5112K, committed 5120K, reserved 1048576K
}
Event: 13.535 GC heap before
{Heap before GC invocations=10 (full 0):
 garbage-first heap   total 75776K, used 52144K [0x00000000a0000000, 0x0000000100000000)
  region size 1024K, 21 young (21504K), 2 survivors (2048K)
 Metaspace       used 36552K, capacity 37549K, committed 37888K, reserved 1081344K
  class space    used 4923K, capacity 5290K, committed 5376K, reserved 1048576K
}
Event: 13.538 GC heap after
{Heap after GC invocations=11 (full 0):
 garbage-first heap   total 75776K, used 33433K [0x00000000a0000000, 0x0000000100000000)
  region size 1024K, 3 young (3072K), 3 survivors (3072K)
 Metaspace       used 36552K, capacity 37549K, committed 37888K, reserved 1081344K
  class space    used 4923K, capacity 5290K, committed 5376K, reserved 1048576K
}
Event: 16.106 GC heap before
{Heap before GC invocations=11 (full 0):
 garbage-first heap   total 75776K, used 52889K [0x00000000a0000000, 0x0000000100000000)
  region size 1024K, 22 young (22528K), 3 survivors (3072K)
 Metaspace       used 37639K, capacity 38679K, committed 38784K, reserved 1085440K
  class space    used 5105K, capacity 5498K, committed 5504K, reserved 1048576K
}
Event: 16.109 GC heap after
{Heap after GC invocations=12 (full 0):
 garbage-first heap   total 75776K, used 34387K [0x00000000a0000000, 0x0000000100000000)
  region size 1024K, 2 young (2048K), 2 survivors (2048K)
 Metaspace       used 37639K, capacity 38679K, committed 38784K, reserved 1085440K
  class space    used 5105K, capacity 5498K, committed 5504K, reserved 1048576K
}

